445dash.html:130 Current ABR strategy: abrBola
445dash.html:131 Buffer level: 64.133 secs
445dash.html:132 Bitrate: 1628 Kbps
445dash.html:133 Measured throughput: 32688 kbps
445dash.html:134 content-length: 1277099 bytes
445dash.html:135 Download time: 29 ms
445dash.html:136 -----
445dash.html:130 Current ABR strategy: abrBola
445dash.html:131 Buffer level: 64.133 secs
445dash.html:132 Bitrate: 1628 Kbps
445dash.html:133 Measured throughput: 32688 kbps
445dash.html:134 content-length: 1277099 bytes
445dash.html:135 Download time: 29 ms
445dash.html:136 -----
445dash.html:130 Current ABR strategy: abrBola
445dash.html:131 Buffer level: 64.133 secs
445dash.html:132 Bitrate: 1628 Kbps
445dash.html:133 Measured throughput: 32688 kbps
445dash.html:134 content-length: 1277099 bytes
445dash.html:135 Download time: 29 ms
445dash.html:136 -----
445dash.html:130 Current ABR strategy: abrBola
445dash.html:131 Buffer level: 56.476 secs
445dash.html:132 Bitrate: 1628 Kbps
445dash.html:133 Measured throughput: 32688 kbps
445dash.html:134 content-length: 1277099 bytes
445dash.html:135 Download time: 29 ms
445dash.html:136 -----
445dash.html:130 Current ABR strategy: abrBola
445dash.html:131 Buffer level: 56.507 secs
445dash.html:132 Bitrate: 1628 Kbps
445dash.html:133 Measured throughput: 26436.6 kbps
445dash.html:134 content-length: 1116470 bytes
445dash.html:135 Download time: 589 ms
445dash.html:136 -----
445dash.html:130 Current ABR strategy: abrBola
445dash.html:131 Buffer level: 56.47 secs
445dash.html:132 Bitrate: 1628 Kbps
445dash.html:133 Measured throughput: 20212.4 kbps
445dash.html:134 content-length: 1409680 bytes
445dash.html:135 Download time: 593 ms
445dash.html:136 -----
445dash.html:130 Current ABR strategy: abrBola
445dash.html:131 Buffer level: 48.503 secs
445dash.html:132 Bitrate: 1628 Kbps
445dash.html:133 Measured throughput: 20212.4 kbps
445dash.html:134 content-length: 1409680 bytes
445dash.html:135 Download time: 593 ms
445dash.html:136 -----
445dash.html:130 Current ABR strategy: abrBola
445dash.html:131 Buffer level: 56.345 secs
445dash.html:132 Bitrate: 1628 Kbps
445dash.html:133 Measured throughput: 1431.5 kbps
445dash.html:134 content-length: 916222 bytes
445dash.html:135 Download time: 583 ms
445dash.html:136 -----
445dash.html:130 Current ABR strategy: abrBola
445dash.html:131 Buffer level: 56.665 secs
445dash.html:132 Bitrate: 1628 Kbps
445dash.html:133 Measured throughput: 1433.5 kbps
445dash.html:134 content-length: 374408 bytes
445dash.html:135 Download time: 594 ms
445dash.html:136 -----
445dash.html:130 Current ABR strategy: abrBola
445dash.html:131 Buffer level: 56.593 secs
445dash.html:132 Bitrate: 1628 Kbps
445dash.html:133 Measured throughput: 1433.5 kbps
445dash.html:134 content-length: 1060336 bytes
445dash.html:135 Download time: 593 ms
445dash.html:136 -----
445dash.html:130 Current ABR strategy: abrBola
445dash.html:131 Buffer level: 56.463 secs
445dash.html:132 Bitrate: 1628 Kbps
445dash.html:133 Measured throughput: 1435 kbps
445dash.html:134 content-length: 1145261 bytes
445dash.html:135 Download time: 585 ms
445dash.html:136 -----
445dash.html:130 Current ABR strategy: abrBola
445dash.html:131 Buffer level: 56.455 secs
445dash.html:132 Bitrate: 1628 Kbps
445dash.html:133 Measured throughput: 1434.25 kbps
445dash.html:134 content-length: 1677747 bytes
445dash.html:135 Download time: 590 ms
445dash.html:136 -----
445dash.html:130 Current ABR strategy: abrBola
445dash.html:131 Buffer level: 56.458 secs
445dash.html:132 Bitrate: 1628 Kbps
445dash.html:133 Measured throughput: 1431.75 kbps
445dash.html:134 content-length: 1019645 bytes
445dash.html:135 Download time: 581 ms
445dash.html:136 -----
445dash.html:130 Current ABR strategy: abrBola
445dash.html:131 Buffer level: 56.454 secs
445dash.html:132 Bitrate: 1628 Kbps
445dash.html:133 Measured throughput: 1432 kbps
445dash.html:134 content-length: 1269978 bytes
445dash.html:135 Download time: 605 ms
445dash.html:136 -----
445dash.html:130 Current ABR strategy: abrBola
445dash.html:131 Buffer level: 56.52 secs
445dash.html:132 Bitrate: 1628 Kbps
445dash.html:133 Measured throughput: 1430.5 kbps
445dash.html:134 content-length: 1479723 bytes
445dash.html:135 Download time: 585 ms
445dash.html:136 -----
445dash.html:130 Current ABR strategy: abrBola
445dash.html:131 Buffer level: 56.518 secs
445dash.html:132 Bitrate: 1628 Kbps
445dash.html:133 Measured throughput: 1428.5 kbps
445dash.html:134 content-length: 1083094 bytes
445dash.html:135 Download time: 593 ms
445dash.html:136 -----
445dash.html:130 Current ABR strategy: abrBola
445dash.html:131 Buffer level: 56.581 secs
445dash.html:132 Bitrate: 1628 Kbps
445dash.html:133 Measured throughput: 1426 kbps
445dash.html:134 content-length: 1052342 bytes
445dash.html:135 Download time: 592 ms
445dash.html:136 -----
445dash.html:130 Current ABR strategy: abrBola
445dash.html:131 Buffer level: 56.615 secs
445dash.html:132 Bitrate: 1628 Kbps
445dash.html:133 Measured throughput: 1424.75 kbps
445dash.html:134 content-length: 1002185 bytes
445dash.html:135 Download time: 593 ms
445dash.html:136 -----
445dash.html:130 Current ABR strategy: abrBola
445dash.html:131 Buffer level: 56.346 secs
445dash.html:132 Bitrate: 1628 Kbps
445dash.html:133 Measured throughput: 1424.5 kbps
445dash.html:134 content-length: 1086708 bytes
445dash.html:135 Download time: 584 ms
445dash.html:136 -----
445dash.html:130 Current ABR strategy: abrBola
445dash.html:131 Buffer level: 56.377 secs
445dash.html:132 Bitrate: 1628 Kbps
445dash.html:133 Measured throughput: 1422.75 kbps
445dash.html:134 content-length: 1726333 bytes
445dash.html:135 Download time: 584 ms
445dash.html:136 -----
445dash.html:130 Current ABR strategy: abrBola
445dash.html:131 Buffer level: 56.474 secs
445dash.html:132 Bitrate: 1628 Kbps
445dash.html:133 Measured throughput: 1426.75 kbps
445dash.html:134 content-length: 1362021 bytes
445dash.html:135 Download time: 590 ms
445dash.html:136 -----
445dash.html:130 Current ABR strategy: abrBola
445dash.html:131 Buffer level: 56.438 secs
445dash.html:132 Bitrate: 1628 Kbps
445dash.html:133 Measured throughput: 1426.5 kbps
445dash.html:134 content-length: 1240483 bytes
445dash.html:135 Download time: 589 ms
445dash.html:136 -----
445dash.html:130 Current ABR strategy: abrBola
445dash.html:131 Buffer level: 56.468 secs
445dash.html:132 Bitrate: 1628 Kbps
445dash.html:133 Measured throughput: 1425.5 kbps
445dash.html:134 content-length: 1441964 bytes
445dash.html:135 Download time: 584 ms
445dash.html:136 -----
445dash.html:130 Current ABR strategy: abrBola
445dash.html:131 Buffer level: 48.499 secs
445dash.html:132 Bitrate: 1628 Kbps
445dash.html:133 Measured throughput: 1425.5 kbps
445dash.html:134 content-length: 1441964 bytes
445dash.html:135 Download time: 584 ms
445dash.html:136 -----
445dash.html:130 Current ABR strategy: abrBola
445dash.html:131 Buffer level: 48.632 secs
445dash.html:132 Bitrate: 1628 Kbps
445dash.html:133 Measured throughput: 1427.25 kbps
445dash.html:134 content-length: 1656385 bytes
445dash.html:135 Download time: 591 ms
445dash.html:136 -----
445dash.html:130 Current ABR strategy: abrBola
445dash.html:131 Buffer level: 56.627 secs
445dash.html:132 Bitrate: 1628 Kbps
445dash.html:133 Measured throughput: 1428.75 kbps
445dash.html:134 content-length: 995884 bytes
445dash.html:135 Download time: 604 ms
445dash.html:136 -----
445dash.html:130 Current ABR strategy: abrBola
445dash.html:131 Buffer level: 64.596 secs
445dash.html:132 Bitrate: 1628 Kbps
445dash.html:133 Measured throughput: 6593 kbps
445dash.html:134 content-length: 1651238 bytes
445dash.html:135 Download time: 42 ms
445dash.html:136 -----
445dash.html:130 Current ABR strategy: abrBola
445dash.html:131 Buffer level: 64.46 secs
445dash.html:132 Bitrate: 1628 Kbps
445dash.html:133 Measured throughput: 11907 kbps
445dash.html:134 content-length: 1694504 bytes
445dash.html:135 Download time: 41 ms
445dash.html:136 -----
445dash.html:130 Current ABR strategy: abrBola
445dash.html:131 Buffer level: 64.426 secs
445dash.html:132 Bitrate: 1628 Kbps
445dash.html:133 Measured throughput: 17236.5 kbps
445dash.html:134 content-length: 1185764 bytes
445dash.html:135 Download time: 37 ms
445dash.html:136 -----
445dash.html:130 Current ABR strategy: abrBola
445dash.html:131 Buffer level: 64.424 secs
445dash.html:132 Bitrate: 1628 Kbps
445dash.html:133 Measured throughput: 32790 kbps
445dash.html:134 content-length: 1843506 bytes
445dash.html:135 Download time: 31 ms
445dash.html:136 -----
445dash.html:130 Current ABR strategy: abrBola
445dash.html:131 Buffer level: 64.454 secs
445dash.html:132 Bitrate: 1628 Kbps
445dash.html:133 Measured throughput: 33060.25 kbps
445dash.html:134 content-length: 1682977 bytes
445dash.html:135 Download time: 36 ms
445dash.html:136 -----
445dash.html:130 Current ABR strategy: abrBola
445dash.html:131 Buffer level: 64.554 secs
445dash.html:132 Bitrate: 1628 Kbps
445dash.html:133 Measured throughput: 33210.75 kbps
445dash.html:134 content-length: 690892 bytes
445dash.html:135 Download time: 36 ms
445dash.html:136 -----
445dash.html:130 Current ABR strategy: abrBola
445dash.html:131 Buffer level: 64.519 secs
445dash.html:132 Bitrate: 1628 Kbps
445dash.html:133 Measured throughput: 33138.25 kbps
445dash.html:134 content-length: 1303800 bytes
445dash.html:135 Download time: 35 ms
445dash.html:136 -----
445dash.html:130 Current ABR strategy: abrBola
445dash.html:131 Buffer level: 64.549 secs
445dash.html:132 Bitrate: 1628 Kbps
445dash.html:133 Measured throughput: 33030.5 kbps
445dash.html:134 content-length: 2195182 bytes
445dash.html:135 Download time: 40 ms
445dash.html:136 -----
445dash.html:130 Current ABR strategy: abrBola
445dash.html:131 Buffer level: 64.679 secs
445dash.html:132 Bitrate: 1628 Kbps
445dash.html:133 Measured throughput: 33136.25 kbps
445dash.html:134 content-length: 1924544 bytes
445dash.html:135 Download time: 43 ms
445dash.html:136 -----
445dash.html:130 Current ABR strategy: abrBola
445dash.html:131 Buffer level: 64.652 secs
445dash.html:132 Bitrate: 1628 Kbps
445dash.html:133 Measured throughput: 33056 kbps
445dash.html:134 content-length: 1931308 bytes
445dash.html:135 Download time: 45 ms
445dash.html:136 -----
445dash.html:130 Current ABR strategy: abrBola
445dash.html:131 Buffer level: 64.681 secs
445dash.html:132 Bitrate: 1628 Kbps
445dash.html:133 Measured throughput: 33032.25 kbps
445dash.html:134 content-length: 1943904 bytes
445dash.html:135 Download time: 34 ms
445dash.html:136 -----
445dash.html:130 Current ABR strategy: abrBola
445dash.html:131 Buffer level: 64.681 secs
445dash.html:132 Bitrate: 1628 Kbps
445dash.html:133 Measured throughput: 33237.25 kbps
445dash.html:134 content-length: 1127524 bytes
445dash.html:135 Download time: 48 ms
445dash.html:136 -----
445dash.html:130 Current ABR strategy: abrBola
445dash.html:131 Buffer level: 64.445 secs
445dash.html:132 Bitrate: 1628 Kbps
445dash.html:133 Measured throughput: 33105.75 kbps
445dash.html:134 content-length: 2077749 bytes
445dash.html:135 Download time: 34 ms
445dash.html:136 -----
445dash.html:130 Current ABR strategy: abrBola
445dash.html:131 Buffer level: 64.408 secs
445dash.html:132 Bitrate: 1628 Kbps
445dash.html:133 Measured throughput: 32840.75 kbps
445dash.html:134 content-length: 2464020 bytes
445dash.html:135 Download time: 36 ms
445dash.html:136 -----
445dash.html:130 Current ABR strategy: abrBola
445dash.html:131 Buffer level: 64.475 secs
445dash.html:132 Bitrate: 1628 Kbps
445dash.html:133 Measured throughput: 32862.25 kbps
445dash.html:134 content-length: 2677227 bytes
445dash.html:135 Download time: 41 ms
445dash.html:136 -----
445dash.html:130 Current ABR strategy: abrBola
445dash.html:131 Buffer level: 56.506 secs
445dash.html:132 Bitrate: 1628 Kbps
445dash.html:133 Measured throughput: 32862.25 kbps
445dash.html:134 content-length: 2677227 bytes
445dash.html:135 Download time: 41 ms
445dash.html:136 -----
445dash.html:130 Current ABR strategy: abrBola
445dash.html:131 Buffer level: 48.538 secs
445dash.html:132 Bitrate: 1628 Kbps
445dash.html:133 Measured throughput: 32862.25 kbps
445dash.html:134 content-length: 2677227 bytes
445dash.html:135 Download time: 41 ms
445dash.html:136 -----
445dash.html:130 Current ABR strategy: abrBola
445dash.html:131 Buffer level: 56.442 secs
445dash.html:132 Bitrate: 1628 Kbps
445dash.html:133 Measured throughput: 20227.2 kbps
445dash.html:134 content-length: 1029073 bytes
445dash.html:135 Download time: 593 ms
445dash.html:136 -----
445dash.html:130 Current ABR strategy: abrBola
445dash.html:131 Buffer level: 56.596 secs
445dash.html:132 Bitrate: 1628 Kbps
445dash.html:133 Measured throughput: 13983.4 kbps
445dash.html:134 content-length: 570492 bytes
445dash.html:135 Download time: 591 ms
445dash.html:136 -----
445dash.html:130 Current ABR strategy: abrBola
445dash.html:131 Buffer level: 56.629 secs
445dash.html:132 Bitrate: 1628 Kbps
445dash.html:133 Measured throughput: 1427.25 kbps
445dash.html:134 content-length: 1030710 bytes
445dash.html:135 Download time: 591 ms
445dash.html:136 -----
445dash.html:130 Current ABR strategy: abrBola
445dash.html:131 Buffer level: 56.43 secs
445dash.html:132 Bitrate: 1628 Kbps
445dash.html:133 Measured throughput: 1428 kbps
445dash.html:134 content-length: 968545 bytes
445dash.html:135 Download time: 583 ms
445dash.html:136 -----
445dash.html:130 Current ABR strategy: abrBola
445dash.html:131 Buffer level: 56.494 secs
445dash.html:132 Bitrate: 1628 Kbps
445dash.html:133 Measured throughput: 1431 kbps
445dash.html:134 content-length: 1312019 bytes
445dash.html:135 Download time: 579 ms
445dash.html:136 -----
445dash.html:130 Current ABR strategy: abrBola
445dash.html:131 Buffer level: 56.46 secs
445dash.html:132 Bitrate: 1628 Kbps
445dash.html:133 Measured throughput: 1430.75 kbps
445dash.html:134 content-length: 1405965 bytes
445dash.html:135 Download time: 587 ms
445dash.html:136 -----
445dash.html:130 Current ABR strategy: abrBola
445dash.html:131 Buffer level: 48.491 secs
445dash.html:132 Bitrate: 1628 Kbps
445dash.html:133 Measured throughput: 1430.75 kbps
445dash.html:134 content-length: 1405965 bytes
445dash.html:135 Download time: 587 ms
445dash.html:136 -----
445dash.html:130 Current ABR strategy: abrBola
445dash.html:131 Buffer level: 40.523 secs
445dash.html:132 Bitrate: 1628 Kbps
445dash.html:133 Measured throughput: 1430.75 kbps
445dash.html:134 content-length: 1405965 bytes
445dash.html:135 Download time: 587 ms
445dash.html:136 -----
445dash.html:130 Current ABR strategy: abrBola
445dash.html:131 Buffer level: 40.621 secs
445dash.html:132 Bitrate: 1628 Kbps
445dash.html:133 Measured throughput: 1433.25 kbps
445dash.html:134 content-length: 3860075 bytes
445dash.html:135 Download time: 586 ms
445dash.html:136 -----
445dash.html:130 Current ABR strategy: abrBola
445dash.html:131 Buffer level: 32.651 secs
445dash.html:132 Bitrate: 1628 Kbps
445dash.html:133 Measured throughput: 1433.25 kbps
445dash.html:134 content-length: 3860075 bytes
445dash.html:135 Download time: 586 ms
445dash.html:136 -----
445dash.html:130 Current ABR strategy: abrBola
445dash.html:131 Buffer level: 32.581 secs
445dash.html:132 Bitrate: 1628 Kbps
445dash.html:133 Measured throughput: 1432.75 kbps
445dash.html:134 content-length: 3108812 bytes
445dash.html:135 Download time: 582 ms
445dash.html:136 -----
445dash.html:130 Current ABR strategy: abrBola
445dash.html:131 Buffer level: 24.611 secs
445dash.html:132 Bitrate: 1628 Kbps
445dash.html:133 Measured throughput: 1432.75 kbps
445dash.html:134 content-length: 3108812 bytes
445dash.html:135 Download time: 582 ms
445dash.html:136 -----
445dash.html:130 Current ABR strategy: abrBola
445dash.html:131 Buffer level: 24.445 secs
445dash.html:132 Bitrate: 1628 Kbps
445dash.html:133 Measured throughput: 1432.5 kbps
445dash.html:134 content-length: 2370137 bytes
445dash.html:135 Download time: 586 ms
445dash.html:136 -----
445dash.html:130 Current ABR strategy: abrBola
445dash.html:131 Buffer level: 24.476 secs
445dash.html:132 Bitrate: 1628 Kbps
445dash.html:133 Measured throughput: 1432 kbps
445dash.html:134 content-length: 1564467 bytes
445dash.html:135 Download time: 588 ms
445dash.html:136 -----
445dash.html:130 Current ABR strategy: abrBola
445dash.html:131 Buffer level: 24.527 secs
445dash.html:132 Bitrate: 1628 Kbps
445dash.html:133 Measured throughput: 1430.25 kbps
445dash.html:134 content-length: 1141517 bytes
445dash.html:135 Download time: 580 ms
445dash.html:136 -----
445dash.html:130 Current ABR strategy: abrBola
445dash.html:131 Buffer level: 16.558 secs
445dash.html:132 Bitrate: 1628 Kbps
445dash.html:133 Measured throughput: 1430.25 kbps
445dash.html:134 content-length: 1141517 bytes
445dash.html:135 Download time: 580 ms
445dash.html:136 -----
445dash.html:130 Current ABR strategy: abrBola
445dash.html:131 Buffer level: 16.522 secs
445dash.html:132 Bitrate: 1628 Kbps
445dash.html:133 Measured throughput: 1429.75 kbps
445dash.html:134 content-length: 2461679 bytes
445dash.html:135 Download time: 579 ms
445dash.html:136 -----
445dash.html:130 Current ABR strategy: abrBola
445dash.html:131 Buffer level: 16.55 secs
445dash.html:132 Bitrate: 1628 Kbps
445dash.html:133 Measured throughput: 1430.75 kbps
445dash.html:134 content-length: 1677755 bytes
445dash.html:135 Download time: 583 ms
445dash.html:136 -----
445dash.html:130 Current ABR strategy: abrBola
445dash.html:131 Buffer level: 24.652 secs
445dash.html:132 Bitrate: 1628 Kbps
445dash.html:133 Measured throughput: 1430.5 kbps
445dash.html:134 content-length: 997239 bytes
445dash.html:135 Download time: 591 ms
445dash.html:136 -----
445dash.html:130 Current ABR strategy: abrBola
445dash.html:131 Buffer level: 24.648 secs
445dash.html:132 Bitrate: 1628 Kbps
445dash.html:133 Measured throughput: 1433 kbps
445dash.html:134 content-length: 886026 bytes
445dash.html:135 Download time: 599 ms
445dash.html:136 -----
445dash.html:130 Current ABR strategy: abrBola
445dash.html:131 Buffer level: 40.441 secs
445dash.html:132 Bitrate: 1628 Kbps
445dash.html:133 Measured throughput: 7247.5 kbps
445dash.html:134 content-length: 1627523 bytes
445dash.html:135 Download time: 32 ms
445dash.html:136 -----
445dash.html:130 Current ABR strategy: abrBola
445dash.html:131 Buffer level: 64.411 secs
445dash.html:132 Bitrate: 1628 Kbps
445dash.html:133 Measured throughput: 29783.8 kbps
445dash.html:134 content-length: 3265669 bytes
445dash.html:135 Download time: 40 ms
445dash.html:136 -----
445dash.html:130 Current ABR strategy: abrBola
445dash.html:131 Buffer level: 64.51 secs
445dash.html:132 Bitrate: 1628 Kbps
445dash.html:133 Measured throughput: 30006.166666666668 kbps
445dash.html:134 content-length: 3255765 bytes
445dash.html:135 Download time: 37 ms
445dash.html:136 -----
445dash.html:130 Current ABR strategy: abrBola
445dash.html:131 Buffer level: 64.542 secs
445dash.html:132 Bitrate: 1628 Kbps
445dash.html:133 Measured throughput: 30057.666666666668 kbps
445dash.html:134 content-length: 1519075 bytes
445dash.html:135 Download time: 32 ms
445dash.html:136 -----
445dash.html:130 Current ABR strategy: abrBola
445dash.html:131 Buffer level: 64.474 secs
445dash.html:132 Bitrate: 1628 Kbps
445dash.html:133 Measured throughput: 30078.666666666668 kbps
445dash.html:134 content-length: 2008115 bytes
445dash.html:135 Download time: 38 ms
445dash.html:136 -----
445dash.html:130 Current ABR strategy: abrBola
445dash.html:131 Buffer level: 64.505 secs
445dash.html:132 Bitrate: 1628 Kbps
445dash.html:133 Measured throughput: 32222.5 kbps
445dash.html:134 content-length: 3739844 bytes
445dash.html:135 Download time: 31 ms
445dash.html:136 -----
445dash.html:130 Current ABR strategy: abrBola
445dash.html:131 Buffer level: 56.535 secs
445dash.html:132 Bitrate: 1628 Kbps
445dash.html:133 Measured throughput: 32222.5 kbps
445dash.html:134 content-length: 3739844 bytes
445dash.html:135 Download time: 31 ms
445dash.html:136 -----
445dash.html:130 Current ABR strategy: abrBola
445dash.html:131 Buffer level: 64.598 secs
445dash.html:132 Bitrate: 1628 Kbps
445dash.html:133 Measured throughput: 25653.833333333332 kbps
445dash.html:134 content-length: 2350360 bytes
445dash.html:135 Download time: 41 ms
445dash.html:136 -----
445dash.html:130 Current ABR strategy: abrBola
445dash.html:131 Buffer level: 64.665 secs
445dash.html:132 Bitrate: 1628 Kbps
445dash.html:133 Measured throughput: 25524.14285714286 kbps
445dash.html:134 content-length: 185595 bytes
445dash.html:135 Download time: 33 ms
445dash.html:136 -----
445dash.html:130 Current ABR strategy: abrBola
445dash.html:131 Buffer level: 64.463 secs
445dash.html:132 Bitrate: 1628 Kbps
445dash.html:133 Measured throughput: 24964.714285714286 kbps
445dash.html:134 content-length: 377422 bytes
445dash.html:135 Download time: 36 ms
445dash.html:136 -----
445dash.html:130 Current ABR strategy: abrBola
445dash.html:131 Buffer level: 64.394 secs
445dash.html:132 Bitrate: 1628 Kbps
445dash.html:133 Measured throughput: 24444.285714285714 kbps
445dash.html:134 content-length: 620650 bytes
445dash.html:135 Download time: 38 ms
445dash.html:136 -----
445dash.html:130 Current ABR strategy: abrBola
445dash.html:131 Buffer level: 58.892 secs
445dash.html:132 Bitrate: 1628 Kbps
445dash.html:133 Measured throughput: 22066 kbps
445dash.html:134 content-length: 235679 bytes
445dash.html:135 Download time: 115 ms
445dash.html:136 -----
445dash.html:130 Current ABR strategy: abrBola
445dash.html:131 Buffer level: 50.925 secs
445dash.html:132 Bitrate: 1628 Kbps
445dash.html:133 Measured throughput: 22066 kbps
445dash.html:134 content-length: 235679 bytes
445dash.html:135 Download time: 115 ms
445dash.html:136 -----
445dash.html:130 Current ABR strategy: abrBola
445dash.html:131 Buffer level: 42.954 secs
445dash.html:132 Bitrate: 1628 Kbps
445dash.html:133 Measured throughput: 22066 kbps
445dash.html:134 content-length: 235679 bytes
445dash.html:135 Download time: 115 ms
445dash.html:136 -----
445dash.html:130 Current ABR strategy: abrBola
445dash.html:131 Buffer level: 34.984 secs
445dash.html:132 Bitrate: 1628 Kbps
445dash.html:133 Measured throughput: 22066 kbps
445dash.html:134 content-length: 235679 bytes
445dash.html:135 Download time: 115 ms
445dash.html:136 -----
445dash.html:130 Current ABR strategy: abrBola
445dash.html:131 Buffer level: 27.018 secs
445dash.html:132 Bitrate: 1628 Kbps
445dash.html:133 Measured throughput: 22066 kbps
445dash.html:134 content-length: 235679 bytes
445dash.html:135 Download time: 115 ms
445dash.html:136 -----
445dash.html:130 Current ABR strategy: abrBola
445dash.html:131 Buffer level: 19.045 secs
445dash.html:132 Bitrate: 1628 Kbps
445dash.html:133 Measured throughput: 22066 kbps
445dash.html:134 content-length: 235679 bytes
445dash.html:135 Download time: 115 ms
445dash.html:136 -----
445dash.html:130 Current ABR strategy: abrBola
445dash.html:131 Buffer level: 11.076 secs
445dash.html:132 Bitrate: 1628 Kbps
445dash.html:133 Measured throughput: 22066 kbps
445dash.html:134 content-length: 235679 bytes
445dash.html:135 Download time: 115 ms
445dash.html:136 -----
445dash.html:130 Current ABR strategy: abrBola
445dash.html:131 Buffer level: 2.845 secs
445dash.html:132 Bitrate: 1628 Kbps
445dash.html:133 Measured throughput: 22066 kbps
445dash.html:134 content-length: 235679 bytes
445dash.html:135 Download time: 115 ms
445dash.html:136 -----
445dash.html:130 Current ABR strategy: abrBola
445dash.html:131 Buffer level: 0 secs
445dash.html:132 Bitrate: 1628 Kbps
445dash.html:133 Measured throughput: 22066 kbps
445dash.html:134 content-length: 235679 bytes
445dash.html:135 Download time: 115 ms
445dash.html:136 -----
445dash.html:130 Current ABR strategy: abrBola
445dash.html:131 Buffer level: 0 secs
445dash.html:132 Bitrate: 1628 Kbps
445dash.html:133 Measured throughput: 22066 kbps
445dash.html:134 content-length: 235679 bytes
445dash.html:135 Download time: 115 ms
445dash.html:136 -----
​ Current ABR strategy: abrBola
​ Buffer level: 0 secs
​ Bitrate: 1628 Kbps
​ Measured throughput: 22066 kbps
​ content-length: 235679 bytes
​ Download time: 115 ms
