(index):130 Current ABR strategy: abrDynamic
(index):131 Buffer level: 16.1 secs
(index):132 Bitrate: 882 Kbps
(index):133 Measured throughput: 1448 kbps
(index):134 content-length: 1105976 bytes
(index):135 Download time: 3 ms
(index):136 -----
(index):130 Current ABR strategy: abrDynamic
(index):131 Buffer level: 8.93 secs
(index):132 Bitrate: 882 Kbps
(index):133 Measured throughput: 1448 kbps
(index):134 content-length: 1105976 bytes
(index):135 Download time: 3 ms
(index):136 -----
(index):130 Current ABR strategy: abrDynamic
(index):131 Buffer level: 8.664 secs
(index):132 Bitrate: 882 Kbps
(index):133 Measured throughput: 1445 kbps
(index):134 content-length: 1380698 bytes
(index):135 Download time: 583 ms
(index):136 -----
(index):130 Current ABR strategy: abrDynamic
(index):131 Buffer level: 8.765 secs
(index):132 Bitrate: 882 Kbps
(index):133 Measured throughput: 1444 kbps
(index):134 content-length: 1027553 bytes
(index):135 Download time: 584 ms
(index):136 -----
(index):130 Current ABR strategy: abrDynamic
(index):131 Buffer level: 8.795 secs
(index):132 Bitrate: 882 Kbps
(index):133 Measured throughput: 1443.5 kbps
(index):134 content-length: 1494798 bytes
(index):135 Download time: 586 ms
(index):136 -----
(index):130 Current ABR strategy: abrDynamic
(index):131 Buffer level: 8.824 secs
(index):132 Bitrate: 882 Kbps
(index):133 Measured throughput: 1442.5 kbps
(index):134 content-length: 729475 bytes
(index):135 Download time: 583 ms
(index):136 -----
(index):130 Current ABR strategy: abrDynamic
(index):131 Buffer level: 8.89 secs
(index):132 Bitrate: 882 Kbps
(index):133 Measured throughput: 1443 kbps
(index):134 content-length: 1006244 bytes
(index):135 Download time: 584 ms
(index):136 -----
(index):130 Current ABR strategy: abrDynamic
(index):131 Buffer level: 8.807 secs
(index):132 Bitrate: 882 Kbps
(index):133 Measured throughput: 1443.75 kbps
(index):134 content-length: 669890 bytes
(index):135 Download time: 586 ms
(index):136 -----
(index):130 Current ABR strategy: abrDynamic
(index):131 Buffer level: 8.866 secs
(index):132 Bitrate: 882 Kbps
(index):133 Measured throughput: 1444.5 kbps
(index):134 content-length: 578372 bytes
(index):135 Download time: 588 ms
(index):136 -----
(index):130 Current ABR strategy: abrDynamic
(index):131 Buffer level: 8.851 secs
(index):132 Bitrate: 882 Kbps
(index):133 Measured throughput: 1444.25 kbps
(index):134 content-length: 756163 bytes
(index):135 Download time: 588 ms
(index):136 -----
(index):130 Current ABR strategy: abrDynamic
(index):131 Buffer level: 8.884 secs
(index):132 Bitrate: 882 Kbps
(index):133 Measured throughput: 1444 kbps
(index):134 content-length: 1202579 bytes
(index):135 Download time: 584 ms
(index):136 -----
(index):130 Current ABR strategy: abrDynamic
(index):131 Buffer level: 17.01 secs
(index):132 Bitrate: 882 Kbps
(index):133 Measured throughput: 1445.5 kbps
(index):134 content-length: 206957 bytes
(index):135 Download time: 583 ms
(index):136 -----
(index):130 Current ABR strategy: abrDynamic
(index):131 Buffer level: 9.026 secs
(index):132 Bitrate: 882 Kbps
(index):133 Measured throughput: 1445.5 kbps
(index):134 content-length: 206957 bytes
(index):135 Download time: 583 ms
(index):136 -----
(index):130 Current ABR strategy: abrDynamic
(index):131 Buffer level: 8.676 secs
(index):132 Bitrate: 882 Kbps
(index):133 Measured throughput: 1446 kbps
(index):134 content-length: 563024 bytes
(index):135 Download time: 586 ms
(index):136 -----
(index):130 Current ABR strategy: abrDynamic
(index):131 Buffer level: 8.71 secs
(index):132 Bitrate: 882 Kbps
(index):133 Measured throughput: 1446.5 kbps
(index):134 content-length: 617436 bytes
(index):135 Download time: 583 ms
(index):136 -----
(index):130 Current ABR strategy: abrDynamic
(index):131 Buffer level: 8.81 secs
(index):132 Bitrate: 882 Kbps
(index):133 Measured throughput: 1445.5 kbps
(index):134 content-length: 929320 bytes
(index):135 Download time: 590 ms
(index):136 -----
(index):130 Current ABR strategy: abrDynamic
(index):131 Buffer level: 8.81 secs
(index):132 Bitrate: 882 Kbps
(index):133 Measured throughput: 1444.5 kbps
(index):134 content-length: 528570 bytes
(index):135 Download time: 586 ms
(index):136 -----
(index):130 Current ABR strategy: abrDynamic
(index):131 Buffer level: 8.802 secs
(index):132 Bitrate: 882 Kbps
(index):133 Measured throughput: 1444.5 kbps
(index):134 content-length: 666554 bytes
(index):135 Download time: 585 ms
(index):136 -----
(index):130 Current ABR strategy: abrDynamic
(index):131 Buffer level: 8.82 secs
(index):132 Bitrate: 882 Kbps
(index):133 Measured throughput: 1444 kbps
(index):134 content-length: 753176 bytes
(index):135 Download time: 589 ms
(index):136 -----
(index):130 Current ABR strategy: abrDynamic
(index):131 Buffer level: 8.853 secs
(index):132 Bitrate: 882 Kbps
(index):133 Measured throughput: 1444.5 kbps
(index):134 content-length: 625910 bytes
(index):135 Download time: 584 ms
(index):136 -----
(index):130 Current ABR strategy: abrDynamic
(index):131 Buffer level: 8.904 secs
(index):132 Bitrate: 882 Kbps
(index):133 Measured throughput: 1444.25 kbps
(index):134 content-length: 577619 bytes
(index):135 Download time: 591 ms
(index):136 -----
(index):130 Current ABR strategy: abrDynamic
(index):131 Buffer level: 8.898 secs
(index):132 Bitrate: 882 Kbps
(index):133 Measured throughput: 1444 kbps
(index):134 content-length: 554896 bytes
(index):135 Download time: 591 ms
(index):136 -----
(index):130 Current ABR strategy: abrDynamic
(index):131 Buffer level: 8.663 secs
(index):132 Bitrate: 882 Kbps
(index):133 Measured throughput: 1444.5 kbps
(index):134 content-length: 599266 bytes
(index):135 Download time: 581 ms
(index):136 -----
(index):130 Current ABR strategy: abrDynamic
(index):131 Buffer level: 16.761 secs
(index):132 Bitrate: 882 Kbps
(index):133 Measured throughput: 14457.4 kbps
(index):134 content-length: 715010 bytes
(index):135 Download time: 44 ms
(index):136 -----
(index):130 Current ABR strategy: abrDynamic
(index):131 Buffer level: 64.722 secs
(index):132 Bitrate: 1628 Kbps
(index):133 Measured throughput: 64812.25 kbps
(index):134 content-length: 1651238 bytes
(index):135 Download time: 15 ms
(index):136 -----
(index):130 Current ABR strategy: abrDynamic
(index):131 Buffer level: 64.85 secs
(index):132 Bitrate: 1628 Kbps
(index):133 Measured throughput: 64739.75 kbps
(index):134 content-length: 1694504 bytes
(index):135 Download time: 16 ms
(index):136 -----
(index):130 Current ABR strategy: abrDynamic
(index):131 Buffer level: 60.216 secs
(index):132 Bitrate: 1628 Kbps
(index):133 Measured throughput: 64739.75 kbps
(index):134 content-length: 1694504 bytes
(index):135 Download time: 16 ms
(index):136 -----
(index):130 Current ABR strategy: abrDynamic
(index):131 Buffer level: 59.916 secs
(index):132 Bitrate: 1628 Kbps
(index):133 Measured throughput: 64385 kbps
(index):134 content-length: 1185764 bytes
(index):135 Download time: 13 ms
(index):136 -----
(index):130 Current ABR strategy: abrDynamic
(index):131 Buffer level: 59.918 secs
(index):132 Bitrate: 1628 Kbps
(index):133 Measured throughput: 64697 kbps
(index):134 content-length: 1843506 bytes
(index):135 Download time: 17 ms
(index):136 -----
(index):130 Current ABR strategy: abrDynamic
(index):131 Buffer level: 59.944 secs
(index):132 Bitrate: 1628 Kbps
(index):133 Measured throughput: 64768.25 kbps
(index):134 content-length: 1682977 bytes
(index):135 Download time: 27 ms
(index):136 -----
(index):130 Current ABR strategy: abrDynamic
(index):131 Buffer level: 60.051 secs
(index):132 Bitrate: 1628 Kbps
(index):133 Measured throughput: 64542.25 kbps
(index):134 content-length: 690892 bytes
(index):135 Download time: 16 ms
(index):136 -----
(index):130 Current ABR strategy: abrDynamic
(index):131 Buffer level: 60.008 secs
(index):132 Bitrate: 1628 Kbps
(index):133 Measured throughput: 64699 kbps
(index):134 content-length: 1303800 bytes
(index):135 Download time: 29 ms
(index):136 -----
(index):130 Current ABR strategy: abrDynamic
(index):131 Buffer level: 60.044 secs
(index):132 Bitrate: 1628 Kbps
(index):133 Measured throughput: 64947.75 kbps
(index):134 content-length: 2195182 bytes
(index):135 Download time: 37 ms
(index):136 -----
(index):130 Current ABR strategy: abrDynamic
(index):131 Buffer level: 60.119 secs
(index):132 Bitrate: 1628 Kbps
(index):133 Measured throughput: 64918 kbps
(index):134 content-length: 1924544 bytes
(index):135 Download time: 37 ms
(index):136 -----
(index):130 Current ABR strategy: abrDynamic
(index):131 Buffer level: 60.14 secs
(index):132 Bitrate: 1628 Kbps
(index):133 Measured throughput: 65080.25 kbps
(index):134 content-length: 1931308 bytes
(index):135 Download time: 12 ms
(index):136 -----
(index):130 Current ABR strategy: abrDynamic
(index):131 Buffer level: 60.177 secs
(index):132 Bitrate: 1628 Kbps
(index):133 Measured throughput: 65015.5 kbps
(index):134 content-length: 1943904 bytes
(index):135 Download time: 16 ms
(index):136 -----
(index):130 Current ABR strategy: abrDynamic
(index):131 Buffer level: 60.171 secs
(index):132 Bitrate: 1628 Kbps
(index):133 Measured throughput: 65455.75 kbps
(index):134 content-length: 1127524 bytes
(index):135 Download time: 30 ms
(index):136 -----
(index):130 Current ABR strategy: abrDynamic
(index):131 Buffer level: 60.18 secs
(index):132 Bitrate: 1628 Kbps
(index):133 Measured throughput: 65378.5 kbps
(index):134 content-length: 2077749 bytes
(index):135 Download time: 40 ms
(index):136 -----
(index):130 Current ABR strategy: abrDynamic
(index):131 Buffer level: 60.113 secs
(index):132 Bitrate: 1628 Kbps
(index):133 Measured throughput: 65359.75 kbps
(index):134 content-length: 2464020 bytes
(index):135 Download time: 17 ms
(index):136 -----
(index):130 Current ABR strategy: abrDynamic
(index):131 Buffer level: 51.891 secs
(index):132 Bitrate: 1628 Kbps
(index):133 Measured throughput: 65359.75 kbps
(index):134 content-length: 2464020 bytes
(index):135 Download time: 17 ms
(index):136 -----
(index):130 Current ABR strategy: abrDynamic
(index):131 Buffer level: 51.954 secs
(index):132 Bitrate: 1628 Kbps
(index):133 Measured throughput: 52576 kbps
(index):134 content-length: 2677227 bytes
(index):135 Download time: 592 ms
(index):136 -----
(index):130 Current ABR strategy: abrDynamic
(index):131 Buffer level: 43.99 secs
(index):132 Bitrate: 1628 Kbps
(index):133 Measured throughput: 52576 kbps
(index):134 content-length: 2677227 bytes
(index):135 Download time: 592 ms
(index):136 -----
(index):130 Current ABR strategy: abrDynamic
(index):131 Buffer level: 44.05 secs
(index):132 Bitrate: 1628 Kbps
(index):133 Measured throughput: 39796 kbps
(index):134 content-length: 2239338 bytes
(index):135 Download time: 589 ms
(index):136 -----
(index):130 Current ABR strategy: abrDynamic
(index):131 Buffer level: 52.049 secs
(index):132 Bitrate: 1628 Kbps
(index):133 Measured throughput: 1442.25 kbps
(index):134 content-length: 570492 bytes
(index):135 Download time: 586 ms
(index):136 -----
(index):130 Current ABR strategy: abrDynamic
(index):131 Buffer level: 52.082 secs
(index):132 Bitrate: 1628 Kbps
(index):133 Measured throughput: 1442.5 kbps
(index):134 content-length: 1030710 bytes
(index):135 Download time: 590 ms
(index):136 -----
(index):130 Current ABR strategy: abrDynamic
(index):131 Buffer level: 52.141 secs
(index):132 Bitrate: 1628 Kbps
(index):133 Measured throughput: 1443 kbps
(index):134 content-length: 968545 bytes
(index):135 Download time: 586 ms
(index):136 -----
(index):130 Current ABR strategy: abrDynamic
(index):131 Buffer level: 52.21 secs
(index):132 Bitrate: 1628 Kbps
(index):133 Measured throughput: 1443 kbps
(index):134 content-length: 1312019 bytes
(index):135 Download time: 583 ms
(index):136 -----
(index):130 Current ABR strategy: abrDynamic
(index):131 Buffer level: 51.908 secs
(index):132 Bitrate: 1628 Kbps
(index):133 Measured throughput: 1442.25 kbps
(index):134 content-length: 1405965 bytes
(index):135 Download time: 595 ms
(index):136 -----
(index):130 Current ABR strategy: abrDynamic
(index):131 Buffer level: 43.942 secs
(index):132 Bitrate: 1628 Kbps
(index):133 Measured throughput: 1442.25 kbps
(index):134 content-length: 1405965 bytes
(index):135 Download time: 595 ms
(index):136 -----
(index):130 Current ABR strategy: abrDynamic
(index):131 Buffer level: 35.967 secs
(index):132 Bitrate: 1628 Kbps
(index):133 Measured throughput: 1442.25 kbps
(index):134 content-length: 1405965 bytes
(index):135 Download time: 595 ms
(index):136 -----
(index):130 Current ABR strategy: abrDynamic
(index):131 Buffer level: 36.067 secs
(index):132 Bitrate: 1628 Kbps
(index):133 Measured throughput: 1442 kbps
(index):134 content-length: 3860075 bytes
(index):135 Download time: 584 ms
(index):136 -----
(index):130 Current ABR strategy: abrDynamic
(index):131 Buffer level: 28.101 secs
(index):132 Bitrate: 1628 Kbps
(index):133 Measured throughput: 1442 kbps
(index):134 content-length: 3860075 bytes
(index):135 Download time: 584 ms
(index):136 -----
(index):130 Current ABR strategy: abrDynamic
(index):131 Buffer level: 28.027 secs
(index):132 Bitrate: 1628 Kbps
(index):133 Measured throughput: 1441.5 kbps
(index):134 content-length: 3108812 bytes
(index):135 Download time: 591 ms
(index):136 -----
(index):130 Current ABR strategy: abrDynamic
(index):131 Buffer level: 20.06 secs
(index):132 Bitrate: 1628 Kbps
(index):133 Measured throughput: 1441.5 kbps
(index):134 content-length: 3108812 bytes
(index):135 Download time: 591 ms
(index):136 -----
(index):130 Current ABR strategy: abrDynamic
(index):131 Buffer level: 20.161 secs
(index):132 Bitrate: 1628 Kbps
(index):133 Measured throughput: 1441.25 kbps
(index):134 content-length: 2370137 bytes
(index):135 Download time: 579 ms
(index):136 -----
(index):130 Current ABR strategy: abrDynamic
(index):131 Buffer level: 20.194 secs
(index):132 Bitrate: 1628 Kbps
(index):133 Measured throughput: 1441 kbps
(index):134 content-length: 1564467 bytes
(index):135 Download time: 584 ms
(index):136 -----
(index):130 Current ABR strategy: abrDynamic
(index):131 Buffer level: 19.987 secs
(index):132 Bitrate: 1628 Kbps
(index):133 Measured throughput: 1441.25 kbps
(index):134 content-length: 1141517 bytes
(index):135 Download time: 590 ms
(index):136 -----
(index):130 Current ABR strategy: abrDynamic
(index):131 Buffer level: 19.954 secs
(index):132 Bitrate: 1628 Kbps
(index):133 Measured throughput: 1441.25 kbps
(index):134 content-length: 2461679 bytes
(index):135 Download time: 594 ms
(index):136 -----
(index):130 Current ABR strategy: abrDynamic
(index):131 Buffer level: 11.987 secs
(index):132 Bitrate: 1628 Kbps
(index):133 Measured throughput: 1441.25 kbps
(index):134 content-length: 2461679 bytes
(index):135 Download time: 594 ms
(index):136 -----
(index):130 Current ABR strategy: abrDynamic
(index):131 Buffer level: 11.993 secs
(index):132 Bitrate: 882 Kbps
(index):133 Measured throughput: 1441.25 kbps
(index):134 content-length: 1677755 bytes
(index):135 Download time: 582 ms
(index):136 -----
(index):130 Current ABR strategy: abrDynamic
(index):131 Buffer level: 4.029 secs
(index):132 Bitrate: 542 Kbps
(index):133 Measured throughput: 1444 kbps
(index):134 content-length: 327224 bytes
(index):135 Download time: 586 ms
(index):136 -----
(index):130 Current ABR strategy: abrDynamic
(index):131 Buffer level: 0.317 secs
(index):132 Bitrate: 542 Kbps
(index):133 Measured throughput: 67255.5 kbps
(index):134 content-length: 235679 bytes
(index):135 Download time: 11 ms
(index):136 -----
(index):130 Current ABR strategy: abrDynamic
(index):131 Buffer level: 0.317 secs
(index):132 Bitrate: 542 Kbps
(index):133 Measured throughput: 67255.5 kbps
(index):134 content-length: 235679 bytes
(index):135 Download time: 11 ms
(index):136 -----
(index):130 Current ABR strategy: abrDynamic
(index):131 Buffer level: 6.789 secs
(index):132 Bitrate: 1628 Kbps
(index):133 Measured throughput: 62388.5 kbps
(index):134 content-length: 2670955 bytes
(index):135 Download time: 13 ms
(index):136 -----
(index):130 Current ABR strategy: abrDynamic
(index):131 Buffer level: 0.133 secs
(index):132 Bitrate: 542 Kbps
(index):133 Measured throughput: 66438.75 kbps
(index):134 content-length: 83374 bytes
(index):135 Download time: 10 ms
(index):136 -----
(index):130 Current ABR strategy: abrDynamic
(index):131 Buffer level: 0.133 secs
(index):132 Bitrate: 542 Kbps
(index):133 Measured throughput: 66438.75 kbps
(index):134 content-length: 83374 bytes
(index):135 Download time: 10 ms
(index):136 -----
(index):130 Current ABR strategy: abrDynamic
(index):131 Buffer level: 0.133 secs
(index):132 Bitrate: 542 Kbps
(index):133 Measured throughput: 66438.75 kbps
(index):134 content-length: 83374 bytes
(index):135 Download time: 10 ms
(index):136 -----
(index):130 Current ABR strategy: abrDynamic
(index):131 Buffer level: 3.531 secs
(index):132 Bitrate: 1628 Kbps
(index):133 Measured throughput: 66829.5 kbps
(index):134 content-length: 235679 bytes
(index):135 Download time: 0 ms
(index):136 -----
(index):130 Current ABR strategy: abrDynamic
(index):131 Buffer level: 156.52 secs
(index):132 Bitrate: 542 Kbps
(index):133 Measured throughput: 61285 kbps
(index):134 content-length: 83374 bytes
(index):135 Download time: 0 ms
(index):136 -----
(index):130 Current ABR strategy: abrDynamic
(index):131 Buffer level: 148.544 secs
(index):132 Bitrate: 542 Kbps
(index):133 Measured throughput: 61285 kbps
(index):134 content-length: 83374 bytes
(index):135 Download time: 0 ms
(index):136 -----
(index):130 Current ABR strategy: abrDynamic
(index):131 Buffer level: 140.313 secs
(index):132 Bitrate: 542 Kbps
(index):133 Measured throughput: 61285 kbps
(index):134 content-length: 83374 bytes
(index):135 Download time: 0 ms
(index):136 -----
(index):130 Current ABR strategy: abrDynamic
(index):131 Buffer level: 132.344 secs
(index):132 Bitrate: 542 Kbps
(index):133 Measured throughput: 61285 kbps
(index):134 content-length: 83374 bytes
(index):135 Download time: 0 ms
(index):136 -----
(index):130 Current ABR strategy: abrDynamic
(index):131 Buffer level: 124.366 secs
(index):132 Bitrate: 542 Kbps
(index):133 Measured throughput: 61285 kbps
(index):134 content-length: 83374 bytes
(index):135 Download time: 0 ms
(index):136 -----
(index):130 Current ABR strategy: abrDynamic
(index):131 Buffer level: 116.386 secs
(index):132 Bitrate: 542 Kbps
(index):133 Measured throughput: 61285 kbps
(index):134 content-length: 83374 bytes
(index):135 Download time: 0 ms
(index):136 -----
(index):130 Current ABR strategy: abrDynamic
(index):131 Buffer level: 108.422 secs
(index):132 Bitrate: 542 Kbps
(index):133 Measured throughput: 61285 kbps
(index):134 content-length: 83374 bytes
(index):135 Download time: 0 ms
(index):136 -----
(index):130 Current ABR strategy: abrDynamic
(index):131 Buffer level: 100.451 secs
(index):132 Bitrate: 542 Kbps
(index):133 Measured throughput: 61285 kbps
(index):134 content-length: 83374 bytes
(index):135 Download time: 0 ms
(index):136 -----
(index):130 Current ABR strategy: abrDynamic
(index):131 Buffer level: 92.488 secs
(index):132 Bitrate: 542 Kbps
(index):133 Measured throughput: 61285 kbps
(index):134 content-length: 83374 bytes
(index):135 Download time: 0 ms
(index):136 -----
(index):130 Current ABR strategy: abrDynamic
(index):131 Buffer level: 84.511 secs
(index):132 Bitrate: 542 Kbps
(index):133 Measured throughput: 61285 kbps
(index):134 content-length: 83374 bytes
(index):135 Download time: 0 ms
(index):136 -----
(index):130 Current ABR strategy: abrDynamic
(index):131 Buffer level: 76.284 secs
(index):132 Bitrate: 542 Kbps
(index):133 Measured throughput: 61285 kbps
(index):134 content-length: 83374 bytes
(index):135 Download time: 0 ms
(index):136 -----
(index):130 Current ABR strategy: abrDynamic
(index):131 Buffer level: 68.306 secs
(index):132 Bitrate: 542 Kbps
(index):133 Measured throughput: 61285 kbps
(index):134 content-length: 83374 bytes
(index):135 Download time: 0 ms
(index):136 -----
(index):130 Current ABR strategy: abrDynamic
(index):131 Buffer level: 60.345 secs
(index):132 Bitrate: 542 Kbps
(index):133 Measured throughput: 61285 kbps
(index):134 content-length: 83374 bytes
(index):135 Download time: 0 ms
(index):136 -----
(index):130 Current ABR strategy: abrDynamic
(index):131 Buffer level: 52.363 secs
(index):132 Bitrate: 542 Kbps
(index):133 Measured throughput: 61285 kbps
(index):134 content-length: 83374 bytes
(index):135 Download time: 0 ms
(index):136 -----
(index):130 Current ABR strategy: abrDynamic
(index):131 Buffer level: 44.39 secs
(index):132 Bitrate: 542 Kbps
(index):133 Measured throughput: 61285 kbps
(index):134 content-length: 83374 bytes
(index):135 Download time: 0 ms
(index):136 -----
(index):130 Current ABR strategy: abrDynamic
(index):131 Buffer level: 36.402 secs
(index):132 Bitrate: 542 Kbps
(index):133 Measured throughput: 61285 kbps
(index):134 content-length: 83374 bytes
(index):135 Download time: 0 ms
(index):136 -----
(index):130 Current ABR strategy: abrDynamic
(index):131 Buffer level: 28.412 secs
(index):132 Bitrate: 542 Kbps
(index):133 Measured throughput: 61285 kbps
(index):134 content-length: 83374 bytes
(index):135 Download time: 0 ms
(index):136 -----
(index):130 Current ABR strategy: abrDynamic
(index):131 Buffer level: 20.457 secs
(index):132 Bitrate: 542 Kbps
(index):133 Measured throughput: 61285 kbps
(index):134 content-length: 83374 bytes
(index):135 Download time: 0 ms
(index):136 -----
(index):130 Current ABR strategy: abrDynamic
(index):131 Buffer level: 12.469 secs
(index):132 Bitrate: 542 Kbps
(index):133 Measured throughput: 61285 kbps
(index):134 content-length: 83374 bytes
(index):135 Download time: 0 ms
(index):136 -----
(index):130 Current ABR strategy: abrDynamic
(index):131 Buffer level: 4.498 secs
(index):132 Bitrate: 542 Kbps
(index):133 Measured throughput: 61285 kbps
(index):134 content-length: 83374 bytes
(index):135 Download time: 0 ms
(index):136 -----
(index):130 Current ABR strategy: abrDynamic
(index):131 Buffer level: 3.392 secs
(index):132 Bitrate: 542 Kbps
(index):133 Measured throughput: 61285 kbps
(index):134 content-length: 83374 bytes
(index):135 Download time: 0 ms
(index):136 -----
(index):130 Current ABR strategy: abrDynamic
(index):131 Buffer level: 3.392 secs
(index):132 Bitrate: 542 Kbps
(index):133 Measured throughput: 61285 kbps
(index):134 content-length: 83374 bytes
(index):135 Download time: 0 ms
(index):136 -----
(index):130 Current ABR strategy: abrDynamic
(index):131 Buffer level: 3.392 secs
(index):132 Bitrate: 542 Kbps
(index):133 Measured throughput: 61285 kbps
(index):134 content-length: 83374 bytes
(index):135 Download time: 0 ms
(index):136 -----
