(index):130 Current ABR strategy: abrThroughput
(index):131 Buffer level: 0.362 secs
(index):132 Bitrate: 1628 Kbps
(index):133 Measured throughput: 63869 kbps
(index):134 content-length: 1677747 bytes
(index):135 Download time: 11 ms
(index):136 -----
(index):130 Current ABR strategy: abrThroughput
(index):131 Buffer level: 64.067 secs
(index):132 Bitrate: 1628 Kbps
(index):133 Measured throughput: 66059.5 kbps
(index):134 content-length: 1277099 bytes
(index):135 Download time: 2 ms
(index):136 -----
(index):130 Current ABR strategy: abrThroughput
(index):131 Buffer level: 63.005 secs
(index):132 Bitrate: 1628 Kbps
(index):133 Measured throughput: 66059.5 kbps
(index):134 content-length: 1277099 bytes
(index):135 Download time: 2 ms
(index):136 -----
(index):130 Current ABR strategy: abrThroughput
(index):131 Buffer level: 55.016 secs
(index):132 Bitrate: 1628 Kbps
(index):133 Measured throughput: 66059.5 kbps
(index):134 content-length: 1277099 bytes
(index):135 Download time: 2 ms
(index):136 -----
(index):130 Current ABR strategy: abrThroughput
(index):131 Buffer level: 55.049 secs
(index):132 Bitrate: 1628 Kbps
(index):133 Measured throughput: 53136 kbps
(index):134 content-length: 1116470 bytes
(index):135 Download time: 593 ms
(index):136 -----
(index):130 Current ABR strategy: abrThroughput
(index):131 Buffer level: 55.016 secs
(index):132 Bitrate: 1628 Kbps
(index):133 Measured throughput: 40166.8 kbps
(index):134 content-length: 1409680 bytes
(index):135 Download time: 590 ms
(index):136 -----
(index):130 Current ABR strategy: abrThroughput
(index):131 Buffer level: 47.042 secs
(index):132 Bitrate: 1628 Kbps
(index):133 Measured throughput: 40166.8 kbps
(index):134 content-length: 1409680 bytes
(index):135 Download time: 590 ms
(index):136 -----
(index):130 Current ABR strategy: abrThroughput
(index):131 Buffer level: 54.812 secs
(index):132 Bitrate: 882 Kbps
(index):133 Measured throughput: 1442.5 kbps
(index):134 content-length: 739 bytes
(index):135 Download time: 0 ms
(index):136 -----
(index):130 Current ABR strategy: abrThroughput
(index):131 Buffer level: 46.825 secs
(index):132 Bitrate: 882 Kbps
(index):133 Measured throughput: 1442.5 kbps
(index):134 content-length: 739 bytes
(index):135 Download time: 0 ms
(index):136 -----
(index):130 Current ABR strategy: abrThroughput
(index):131 Buffer level: 38.851 secs
(index):132 Bitrate: 882 Kbps
(index):133 Measured throughput: 1442.5 kbps
(index):134 content-length: 739 bytes
(index):135 Download time: 0 ms
(index):136 -----
(index):130 Current ABR strategy: abrThroughput
(index):131 Buffer level: 30.883 secs
(index):132 Bitrate: 882 Kbps
(index):133 Measured throughput: 1442.5 kbps
(index):134 content-length: 739 bytes
(index):135 Download time: 0 ms
(index):136 -----
(index):130 Current ABR strategy: abrThroughput
(index):131 Buffer level: 22.916 secs
(index):132 Bitrate: 882 Kbps
(index):133 Measured throughput: 1442.5 kbps
(index):134 content-length: 739 bytes
(index):135 Download time: 0 ms
(index):136 -----
(index):130 Current ABR strategy: abrThroughput
(index):131 Buffer level: 14.931 secs
(index):132 Bitrate: 882 Kbps
(index):133 Measured throughput: 1442.5 kbps
(index):134 content-length: 739 bytes
(index):135 Download time: 0 ms
(index):136 -----
(index):130 Current ABR strategy: abrThroughput
(index):131 Buffer level: 12.138 secs
(index):132 Bitrate: 882 Kbps
(index):133 Measured throughput: 1442.5 kbps
(index):134 content-length: 739 bytes
(index):135 Download time: 0 ms
(index):136 -----
(index):130 Current ABR strategy: abrThroughput
(index):131 Buffer level: 12.138 secs
(index):132 Bitrate: 882 Kbps
(index):133 Measured throughput: 1442.5 kbps
(index):134 content-length: 739 bytes
(index):135 Download time: 0 ms
(index):136 -----
(index):130 Current ABR strategy: abrThroughput
(index):131 Buffer level: 12.138 secs
(index):132 Bitrate: 882 Kbps
(index):133 Measured throughput: 1442.5 kbps
(index):134 content-length: 739 bytes
(index):135 Download time: 0 ms
(index):136 -----
(index):130 Current ABR strategy: abrThroughput
(index):131 Buffer level: 5.301 secs
(index):132 Bitrate: 1628 Kbps
(index):133 Measured throughput: 65857 kbps
(index):134 content-length: 570492 bytes
(index):135 Download time: 12 ms
(index):136 -----
(index):130 Current ABR strategy: abrThroughput
(index):131 Buffer level: 0.451 secs
(index):132 Bitrate: 542 Kbps
(index):133 Measured throughput: 66581.5 kbps
(index):134 content-length: 83374 bytes
(index):135 Download time: 0 ms
(index):136 -----
(index):130 Current ABR strategy: abrThroughput
(index):131 Buffer level: 60.959 secs
(index):132 Bitrate: 1628 Kbps
(index):133 Measured throughput: 69220.75 kbps
(index):134 content-length: 1269978 bytes
(index):135 Download time: 8 ms
(index):136 -----
(index):130 Current ABR strategy: abrThroughput
(index):131 Buffer level: 61.028 secs
(index):132 Bitrate: 1628 Kbps
(index):133 Measured throughput: 68994 kbps
(index):134 content-length: 1479723 bytes
(index):135 Download time: 17 ms
(index):136 -----
(index):130 Current ABR strategy: abrThroughput
(index):131 Buffer level: 61.027 secs
(index):132 Bitrate: 1628 Kbps
(index):133 Measured throughput: 69304.75 kbps
(index):134 content-length: 1083094 bytes
(index):135 Download time: 21 ms
(index):136 -----
(index):130 Current ABR strategy: abrThroughput
(index):131 Buffer level: 61.086 secs
(index):132 Bitrate: 1628 Kbps
(index):133 Measured throughput: 69500 kbps
(index):134 content-length: 1052342 bytes
(index):135 Download time: 23 ms
(index):136 -----
(index):130 Current ABR strategy: abrThroughput
(index):131 Buffer level: 60.853 secs
(index):132 Bitrate: 1628 Kbps
(index):133 Measured throughput: 65664.5 kbps
(index):134 content-length: 1002185 bytes
(index):135 Download time: 21 ms
(index):136 -----
(index):130 Current ABR strategy: abrThroughput
(index):131 Buffer level: 60.832 secs
(index):132 Bitrate: 1628 Kbps
(index):133 Measured throughput: 65623.25 kbps
(index):134 content-length: 1086708 bytes
(index):135 Download time: 18 ms
(index):136 -----
(index):130 Current ABR strategy: abrThroughput
(index):131 Buffer level: 60.869 secs
(index):132 Bitrate: 1628 Kbps
(index):133 Measured throughput: 65607.5 kbps
(index):134 content-length: 1726333 bytes
(index):135 Download time: 19 ms
(index):136 -----
(index):130 Current ABR strategy: abrThroughput
(index):131 Buffer level: 60.941 secs
(index):132 Bitrate: 1628 Kbps
(index):133 Measured throughput: 65313.75 kbps
(index):134 content-length: 1362021 bytes
(index):135 Download time: 14 ms
(index):136 -----
(index):130 Current ABR strategy: abrThroughput
(index):131 Buffer level: 60.903 secs
(index):132 Bitrate: 1628 Kbps
(index):133 Measured throughput: 65471.75 kbps
(index):134 content-length: 1240483 bytes
(index):135 Download time: 13 ms
(index):136 -----
(index):130 Current ABR strategy: abrThroughput
(index):131 Buffer level: 60.949 secs
(index):132 Bitrate: 1628 Kbps
(index):133 Measured throughput: 65638.25 kbps
(index):134 content-length: 1441964 bytes
(index):135 Download time: 14 ms
(index):136 -----
(index):130 Current ABR strategy: abrThroughput
(index):131 Buffer level: 61.064 secs
(index):132 Bitrate: 1628 Kbps
(index):133 Measured throughput: 65599.75 kbps
(index):134 content-length: 1656385 bytes
(index):135 Download time: 130 ms
(index):136 -----
(index):130 Current ABR strategy: abrThroughput
(index):131 Buffer level: 61.011 secs
(index):132 Bitrate: 1628 Kbps
(index):133 Measured throughput: 65344.25 kbps
(index):134 content-length: 1251974 bytes
(index):135 Download time: 16 ms
(index):136 -----
(index):130 Current ABR strategy: abrThroughput
(index):131 Buffer level: 61.052 secs
(index):132 Bitrate: 1628 Kbps
(index):133 Measured throughput: 65483 kbps
(index):134 content-length: 995884 bytes
(index):135 Download time: 17 ms
(index):136 -----
(index):130 Current ABR strategy: abrThroughput
(index):131 Buffer level: 53.092 secs
(index):132 Bitrate: 1628 Kbps
(index):133 Measured throughput: 65483 kbps
(index):134 content-length: 995884 bytes
(index):135 Download time: 17 ms
(index):136 -----
(index):130 Current ABR strategy: abrThroughput
(index):131 Buffer level: 53.158 secs
(index):132 Bitrate: 1628 Kbps
(index):133 Measured throughput: 52675 kbps
(index):134 content-length: 1277578 bytes
(index):135 Download time: 591 ms
(index):136 -----
(index):130 Current ABR strategy: abrThroughput
(index):131 Buffer level: 52.824 secs
(index):132 Bitrate: 1628 Kbps
(index):133 Measured throughput: 39854.6 kbps
(index):134 content-length: 1651238 bytes
(index):135 Download time: 594 ms
(index):136 -----
(index):130 Current ABR strategy: abrThroughput
(index):131 Buffer level: 52.95 secs
(index):132 Bitrate: 1628 Kbps
(index):133 Measured throughput: 26957.8 kbps
(index):134 content-length: 1694504 bytes
(index):135 Download time: 590 ms
(index):136 -----
(index):130 Current ABR strategy: abrThroughput
(index):131 Buffer level: 52.893 secs
(index):132 Bitrate: 882 Kbps
(index):133 Measured throughput: 1442.5 kbps
(index):134 content-length: 1185764 bytes
(index):135 Download time: 592 ms
(index):136 -----
(index):130 Current ABR strategy: abrThroughput
(index):131 Buffer level: 44.934 secs
(index):132 Bitrate: 882 Kbps
(index):133 Measured throughput: 1442.5 kbps
(index):134 content-length: 1185764 bytes
(index):135 Download time: 592 ms
(index):136 -----
(index):130 Current ABR strategy: abrThroughput
(index):131 Buffer level: 36.959 secs
(index):132 Bitrate: 882 Kbps
(index):133 Measured throughput: 1442.5 kbps
(index):134 content-length: 1185764 bytes
(index):135 Download time: 592 ms
(index):136 -----
(index):130 Current ABR strategy: abrThroughput
(index):131 Buffer level: 28.985 secs
(index):132 Bitrate: 882 Kbps
(index):133 Measured throughput: 1442.5 kbps
(index):134 content-length: 1185764 bytes
(index):135 Download time: 592 ms
(index):136 -----
(index):130 Current ABR strategy: abrThroughput
(index):131 Buffer level: 21.018 secs
(index):132 Bitrate: 882 Kbps
(index):133 Measured throughput: 1442.5 kbps
(index):134 content-length: 1185764 bytes
(index):135 Download time: 592 ms
(index):136 -----
(index):130 Current ABR strategy: abrThroughput
(index):131 Buffer level: 13.905 secs
(index):132 Bitrate: 882 Kbps
(index):133 Measured throughput: 1442.5 kbps
(index):134 content-length: 1185764 bytes
(index):135 Download time: 592 ms
(index):136 -----
(index):130 Current ABR strategy: abrThroughput
(index):131 Buffer level: 8.068 secs
(index):132 Bitrate: 1628 Kbps
(index):133 Measured throughput: 65608.25 kbps
(index):134 content-length: 1405965 bytes
(index):135 Download time: 12 ms
(index):136 -----
(index):130 Current ABR strategy: abrThroughput
(index):131 Buffer level: 0.362 secs
(index):132 Bitrate: 542 Kbps
(index):133 Measured throughput: 64316.25 kbps
(index):134 content-length: 235679 bytes
(index):135 Download time: 13 ms
(index):136 -----
(index):130 Current ABR strategy: abrThroughput
(index):131 Buffer level: 0.712 secs
(index):132 Bitrate: 542 Kbps
(index):133 Measured throughput: 67425.5 kbps
(index):134 content-length: 195188 bytes
(index):135 Download time: 10 ms
(index):136 -----
(index):130 Current ABR strategy: abrThroughput
(index):131 Buffer level: 4.364 secs
(index):132 Bitrate: 1628 Kbps
(index):133 Measured throughput: 63799.5 kbps
(index):134 content-length: 1843506 bytes
(index):135 Download time: 15 ms
(index):136 -----
(index):130 Current ABR strategy: abrThroughput
(index):131 Buffer level: 0.381 secs
(index):132 Bitrate: 542 Kbps
(index):133 Measured throughput: 66433.5 kbps
(index):134 content-length: 83374 bytes
(index):135 Download time: 10 ms
(index):136 -----
(index):130 Current ABR strategy: abrThroughput
(index):131 Buffer level: 1.824 secs
(index):132 Bitrate: 1628 Kbps
(index):133 Measured throughput: 66012.5 kbps
(index):134 content-length: 1030710 bytes
(index):135 Download time: 8 ms
(index):136 -----
(index):130 Current ABR strategy: abrThroughput
(index):131 Buffer level: 63.855 secs
(index):132 Bitrate: 1628 Kbps
(index):133 Measured throughput: 67031.5 kbps
(index):134 content-length: 2195182 bytes
(index):135 Download time: 2 ms
(index):136 -----
(index):130 Current ABR strategy: abrThroughput
(index):131 Buffer level: 65.192 secs
(index):132 Bitrate: 1628 Kbps
(index):133 Measured throughput: 65613.25 kbps
(index):134 content-length: 1943904 bytes
(index):135 Download time: 12 ms
(index):136 -----
(index):130 Current ABR strategy: abrThroughput
(index):131 Buffer level: 65.19 secs
(index):132 Bitrate: 1628 Kbps
(index):133 Measured throughput: 65613.25 kbps
(index):134 content-length: 1127524 bytes
(index):135 Download time: 3 ms
(index):136 -----
(index):130 Current ABR strategy: abrThroughput
(index):131 Buffer level: 65.216 secs
(index):132 Bitrate: 1628 Kbps
(index):133 Measured throughput: 65613.25 kbps
(index):134 content-length: 2077749 bytes
(index):135 Download time: 3 ms
(index):136 -----
(index):130 Current ABR strategy: abrThroughput
(index):131 Buffer level: 65.166 secs
(index):132 Bitrate: 1628 Kbps
(index):133 Measured throughput: 65613.25 kbps
(index):134 content-length: 2464020 bytes
(index):135 Download time: 10 ms
(index):136 -----
(index):130 Current ABR strategy: abrThroughput
(index):131 Buffer level: 65.223 secs
(index):132 Bitrate: 1628 Kbps
(index):133 Measured throughput: 65613.25 kbps
(index):134 content-length: 2677227 bytes
(index):135 Download time: 5 ms
(index):136 -----
(index):130 Current ABR strategy: abrThroughput
(index):131 Buffer level: 65.287 secs
(index):132 Bitrate: 1628 Kbps
(index):133 Measured throughput: 65613.25 kbps
(index):134 content-length: 2239338 bytes
(index):135 Download time: 9 ms
(index):136 -----
(index):130 Current ABR strategy: abrThroughput
(index):131 Buffer level: 65.3 secs
(index):132 Bitrate: 1628 Kbps
(index):133 Measured throughput: 65613.25 kbps
(index):134 content-length: 1029073 bytes
(index):135 Download time: 9 ms
(index):136 -----
(index):130 Current ABR strategy: abrThroughput
(index):131 Buffer level: 65.308 secs
(index):132 Bitrate: 1628 Kbps
(index):133 Measured throughput: 65613.25 kbps
(index):134 content-length: 570492 bytes
(index):135 Download time: 0 ms
(index):136 -----
(index):130 Current ABR strategy: abrThroughput
(index):131 Buffer level: 65.064 secs
(index):132 Bitrate: 1628 Kbps
(index):133 Measured throughput: 65613.25 kbps
(index):134 content-length: 1030710 bytes
(index):135 Download time: 4 ms
(index):136 -----
(index):130 Current ABR strategy: abrThroughput
(index):131 Buffer level: 65.128 secs
(index):132 Bitrate: 1628 Kbps
(index):133 Measured throughput: 65613.25 kbps
(index):134 content-length: 968545 bytes
(index):135 Download time: 10 ms
(index):136 -----
(index):130 Current ABR strategy: abrThroughput
(index):131 Buffer level: 65.192 secs
(index):132 Bitrate: 1628 Kbps
(index):133 Measured throughput: 65613.25 kbps
(index):134 content-length: 1312019 bytes
(index):135 Download time: 3 ms
(index):136 -----
(index):130 Current ABR strategy: abrThroughput
(index):131 Buffer level: 65.137 secs
(index):132 Bitrate: 1628 Kbps
(index):133 Measured throughput: 65613.25 kbps
(index):134 content-length: 1405965 bytes
(index):135 Download time: 7 ms
(index):136 -----
(index):130 Current ABR strategy: abrThroughput
(index):131 Buffer level: 65.219 secs
(index):132 Bitrate: 1628 Kbps
(index):133 Measured throughput: 65613.25 kbps
(index):134 content-length: 3860075 bytes
(index):135 Download time: 12 ms
(index):136 -----
(index):130 Current ABR strategy: abrThroughput
(index):131 Buffer level: 65.137 secs
(index):132 Bitrate: 1628 Kbps
(index):133 Measured throughput: 65613.25 kbps
(index):134 content-length: 3108812 bytes
(index):135 Download time: 7 ms
(index):136 -----
(index):130 Current ABR strategy: abrThroughput
(index):131 Buffer level: 65.245 secs
(index):132 Bitrate: 1628 Kbps
(index):133 Measured throughput: 65613.25 kbps
(index):134 content-length: 2370137 bytes
(index):135 Download time: 3 ms
(index):136 -----
(index):130 Current ABR strategy: abrThroughput
(index):131 Buffer level: 65.274 secs
(index):132 Bitrate: 1628 Kbps
(index):133 Measured throughput: 65613.25 kbps
(index):134 content-length: 1564467 bytes
(index):135 Download time: 9 ms
(index):136 -----
(index):130 Current ABR strategy: abrThroughput
(index):131 Buffer level: 65.34 secs
(index):132 Bitrate: 1628 Kbps
(index):133 Measured throughput: 65613.25 kbps
(index):134 content-length: 1141517 bytes
(index):135 Download time: 5 ms
(index):136 -----
(index):130 Current ABR strategy: abrThroughput
(index):131 Buffer level: 65.303 secs
(index):132 Bitrate: 1628 Kbps
(index):133 Measured throughput: 65613.25 kbps
(index):134 content-length: 2461679 bytes
(index):135 Download time: 4 ms
(index):136 -----
(index):130 Current ABR strategy: abrThroughput
(index):131 Buffer level: 65.062 secs
(index):132 Bitrate: 1628 Kbps
(index):133 Measured throughput: 65613.25 kbps
(index):134 content-length: 1677755 bytes
(index):135 Download time: 3 ms
(index):136 -----
(index):130 Current ABR strategy: abrThroughput
(index):131 Buffer level: 65.058 secs
(index):132 Bitrate: 1628 Kbps
(index):133 Measured throughput: 65613.25 kbps
(index):134 content-length: 764815 bytes
(index):135 Download time: 12 ms
(index):136 -----
(index):130 Current ABR strategy: abrThroughput
(index):131 Buffer level: 65.193 secs
(index):132 Bitrate: 1628 Kbps
(index):133 Measured throughput: 65613.25 kbps
(index):134 content-length: 997239 bytes
(index):135 Download time: 17 ms
(index):136 -----
(index):130 Current ABR strategy: abrThroughput
(index):131 Buffer level: 65.193 secs
(index):132 Bitrate: 1628 Kbps
(index):133 Measured throughput: 65613.25 kbps
(index):134 content-length: 886026 bytes
(index):135 Download time: 39 ms
(index):136 -----
(index):130 Current ABR strategy: abrThroughput
(index):131 Buffer level: 65.135 secs
(index):132 Bitrate: 1628 Kbps
(index):133 Measured throughput: 70637.6 kbps
(index):134 content-length: 1304322 bytes
(index):135 Download time: 18 ms
(index):136 -----
(index):130 Current ABR strategy: abrThroughput
(index):131 Buffer level: 65.165 secs
(index):132 Bitrate: 1628 Kbps
(index):133 Measured throughput: 70126 kbps
(index):134 content-length: 1646974 bytes
(index):135 Download time: 29 ms
(index):136 -----
(index):130 Current ABR strategy: abrThroughput
(index):131 Buffer level: 65.2 secs
(index):132 Bitrate: 1628 Kbps
(index):133 Measured throughput: 70223.83333333333 kbps
(index):134 content-length: 1627523 bytes
(index):135 Download time: 14 ms
(index):136 -----
(index):130 Current ABR strategy: abrThroughput
(index):131 Buffer level: 65.236 secs
(index):132 Bitrate: 1628 Kbps
(index):133 Measured throughput: 70161.5 kbps
(index):134 content-length: 1595446 bytes
(index):135 Download time: 18 ms
(index):136 -----
(index):130 Current ABR strategy: abrThroughput
(index):131 Buffer level: 65.263 secs
(index):132 Bitrate: 1628 Kbps
(index):133 Measured throughput: 66068.25 kbps
(index):134 content-length: 2670955 bytes
(index):135 Download time: 14 ms
(index):136 -----
(index):130 Current ABR strategy: abrThroughput
(index):131 Buffer level: 66.712 secs
(index):132 Bitrate: 1628 Kbps
(index):133 Measured throughput: 65359.5 kbps
(index):134 content-length: 3171931 bytes
(index):135 Download time: 45 ms
(index):136 -----
(index):130 Current ABR strategy: abrThroughput
(index):131 Buffer level: 66.712 secs
(index):132 Bitrate: 1628 Kbps
(index):133 Measured throughput: 65359.5 kbps
(index):134 content-length: 3171931 bytes
(index):135 Download time: 45 ms
(index):136 -----
(index):130 Current ABR strategy: abrThroughput
(index):131 Buffer level: 66.712 secs
(index):132 Bitrate: 1628 Kbps
(index):133 Measured throughput: 65359.5 kbps
(index):134 content-length: 3171931 bytes
(index):135 Download time: 45 ms
(index):136 -----
(index):130 Current ABR strategy: abrThroughput
(index):131 Buffer level: 66.712 secs
(index):132 Bitrate: 1628 Kbps
(index):133 Measured throughput: 65359.5 kbps
(index):134 content-length: 3171931 bytes
(index):135 Download time: 45 ms
(index):136 -----
(index):130 Current ABR strategy: abrThroughput
(index):131 Buffer level: 63.269 secs
(index):132 Bitrate: 1628 Kbps
(index):133 Measured throughput: 65359.5 kbps
(index):134 content-length: 3171931 bytes
(index):135 Download time: 45 ms
(index):136 -----
(index):130 Current ABR strategy: abrThroughput
(index):131 Buffer level: 55.297 secs
(index):132 Bitrate: 1628 Kbps
(index):133 Measured throughput: 65359.5 kbps
(index):134 content-length: 3171931 bytes
(index):135 Download time: 45 ms
(index):136 -----
(index):130 Current ABR strategy: abrThroughput
(index):131 Buffer level: 47.332 secs
(index):132 Bitrate: 1628 Kbps
(index):133 Measured throughput: 65359.5 kbps
(index):134 content-length: 3171931 bytes
(index):135 Download time: 45 ms
(index):136 -----
(index):130 Current ABR strategy: abrThroughput
(index):131 Buffer level: 47.13 secs
(index):132 Bitrate: 1628 Kbps
(index):133 Measured throughput: 52575.8 kbps
(index):134 content-length: 3265669 bytes
(index):135 Download time: 593 ms
(index):136 -----
(index):130 Current ABR strategy: abrThroughput
(index):131 Buffer level: 39.158 secs
(index):132 Bitrate: 1628 Kbps
(index):133 Measured throughput: 52575.8 kbps
(index):134 content-length: 3265669 bytes
(index):135 Download time: 593 ms
(index):136 -----
(index):130 Current ABR strategy: abrThroughput
(index):131 Buffer level: 31.189 secs
(index):132 Bitrate: 1628 Kbps
(index):133 Measured throughput: 52575.8 kbps
(index):134 content-length: 3265669 bytes
(index):135 Download time: 593 ms
(index):136 -----
(index):130 Current ABR strategy: abrThroughput
(index):131 Buffer level: 31.29 secs
(index):132 Bitrate: 1628 Kbps
(index):133 Measured throughput: 39778.4 kbps
(index):134 content-length: 3255765 bytes
(index):135 Download time: 595 ms
(index):136 -----
(index):130 Current ABR strategy: abrThroughput
(index):131 Buffer level: 31.324 secs
(index):132 Bitrate: 1628 Kbps
(index):133 Measured throughput: 26840.4 kbps
(index):134 content-length: 1519075 bytes
(index):135 Download time: 583 ms
(index):136 -----
(index):130 Current ABR strategy: abrThroughput
(index):131 Buffer level: 31.24 secs
(index):132 Bitrate: 882 Kbps
(index):133 Measured throughput: 1441.5 kbps
(index):134 content-length: 2008115 bytes
(index):135 Download time: 584 ms
(index):136 -----
(index):130 Current ABR strategy: abrThroughput
(index):131 Buffer level: 23.278 secs
(index):132 Bitrate: 882 Kbps
(index):133 Measured throughput: 1441.5 kbps
(index):134 content-length: 2008115 bytes
(index):135 Download time: 584 ms
(index):136 -----
(index):130 Current ABR strategy: abrThroughput
(index):131 Buffer level: 15.314 secs
(index):132 Bitrate: 882 Kbps
(index):133 Measured throughput: 1441.5 kbps
(index):134 content-length: 2008115 bytes
(index):135 Download time: 584 ms
(index):136 -----
(index):130 Current ABR strategy: abrThroughput
(index):131 Buffer level: 7.311 secs
(index):132 Bitrate: 882 Kbps
(index):133 Measured throughput: 23889.333333333332 kbps
(index):134 content-length: 127776 bytes
(index):135 Download time: 35 ms
(index):136 -----
(index):130 Current ABR strategy: abrThroughput
(index):131 Buffer level: 0.08 secs
(index):132 Bitrate: 882 Kbps
(index):133 Measured throughput: 23889.333333333332 kbps
(index):134 content-length: 127776 bytes
(index):135 Download time: 35 ms
(index):136 -----
(index):130 Current ABR strategy: abrThroughput
(index):131 Buffer level: 43.08 secs
(index):132 Bitrate: 882 Kbps
(index):133 Measured throughput: 23889.333333333332 kbps
(index):134 content-length: 127776 bytes
(index):135 Download time: 35 ms
(index):136 -----
(index):130 Current ABR strategy: abrThroughput
(index):131 Buffer level: 35.104 secs
(index):132 Bitrate: 882 Kbps
(index):133 Measured throughput: 23889.333333333332 kbps
(index):134 content-length: 127776 bytes
(index):135 Download time: 35 ms
(index):136 -----
(index):130 Current ABR strategy: abrThroughput
(index):131 Buffer level: 27.128 secs
(index):132 Bitrate: 882 Kbps
(index):133 Measured throughput: 23889.333333333332 kbps
(index):134 content-length: 127776 bytes
(index):135 Download time: 35 ms
(index):136 -----
(index):130 Current ABR strategy: abrThroughput
(index):131 Buffer level: 18.893 secs
(index):132 Bitrate: 882 Kbps
(index):133 Measured throughput: 23889.333333333332 kbps
(index):134 content-length: 127776 bytes
(index):135 Download time: 35 ms
(index):136 -----
(index):130 Current ABR strategy: abrThroughput
(index):131 Buffer level: 10.885 secs
(index):132 Bitrate: 882 Kbps
(index):133 Measured throughput: 23889.333333333332 kbps
(index):134 content-length: 127776 bytes
(index):135 Download time: 35 ms
(index):136 -----
(index):130 Current ABR strategy: abrThroughput
(index):131 Buffer level: 2.916 secs
​ Bitrate: 882 Kbps
​ Measured throughput: 23889.333333333332 kbps
​ content-length: 127776 bytes
​ Download time: 35 ms
​ -----
​ Current ABR strategy: abrThroughput
​ Buffer level: 0 secs
​ Bitrate: 882 Kbps
​ Measured throughput: 23889.333333333332 kbps
​ content-length: 127776 bytes
​ Download time: 35 ms
​ -----
​ Current ABR strategy: abrThroughput
​ Buffer level: 0 secs
​ Bitrate: 882 Kbps
​ Measured throughput: 23889.333333333332 kbps
​ content-length: 127776 bytes
​ Download time: 35 ms
​ -----
​ Current ABR strategy: abrThroughput
​ Buffer level: 0 secs
​ Bitrate: 882 Kbps
​ Measured throughput: 23889.333333333332 kbps
​ content-length: 127776 bytes
​ Download time: 35 ms
​ -----
​ Current ABR strategy: abrThroughput
​ Buffer level: 0 secs
​ Bitrate: 882 Kbps
​ Measured throughput: 23889.333333333332 kbps
​ content-length: 127776 bytes
​ Download time: 35 ms
​ -----
